(node:9300) Warning: Accessing non-existent property 'padLevels' of module exports inside circular dependency
(Use `node --trace-warnings ...` to show where the warning was created)
1643840623640 - info: blockchain.info wallet service v0.26.3 running on http://127.0.0.1:3000
1643840820011 - warn: Created non-HD wallet, for privacy and security, it is recommended that new wallets are created with hd=true
1643840825775 - error: {"success":false,"message":"Wrong captcha"}
1643841429288 - warn: Created non-HD wallet, for privacy and security, it is recommended that new wallets are created with hd=true
1643841441962 - error: {"success":false,"message":"Wrong captcha"}
1643841688273 - warn: Created non-HD wallet, for privacy and security, it is recommended that new wallets are created with hd=true
1643841693361 - error: {"success":false,"message":"Wrong captcha"}
1643843012261 - warn: Created non-HD wallet, for privacy and security, it is recommended that new wallets are created with hd=true
1643843017080 - error: {"success":false,"message":"Wrong captcha"}
1643843123625 - warn: Created non-HD wallet, for privacy and security, it is recommended that new wallets are created with hd=true
1643843126055 - error: {"success":false,"message":"Wrong captcha"}
Unhandled rejection RequestError: Error: getaddrinfo ENOTFOUND blockchain.info
    at new RequestError (C:\Users\Mary Ofori\AppData\Roaming\npm\node_modules\blockchain-wallet-service\node_modules\request-promise\lib\errors.js:11:15)
    at Request.RP$callback [as _callback] (C:\Users\Mary Ofori\AppData\Roaming\npm\node_modules\blockchain-wallet-service\node_modules\request-promise\lib\rp.js:60:32)
    at self.callback (C:\Users\Mary Ofori\AppData\Roaming\npm\node_modules\blockchain-wallet-service\node_modules\request\request.js:185:22)
    at Request.emit (events.js:376:20)
    at Request.onRequestError (C:\Users\Mary Ofori\AppData\Roaming\npm\node_modules\blockchain-wallet-service\node_modules\request\request.js:877:8)
    at ClientRequest.emit (events.js:376:20)
    at TLSSocket.socketErrorListener (_http_client.js:475:9)
    at TLSSocket.emit (events.js:376:20)
    at emitErrorNT (internal/streams/destroy.js:106:8)
    at emitErrorCloseNT (internal/streams/destroy.js:74:3)
    at processTicksAndRejections (internal/process/task_queues.js:82:21)
Unhandled rejection RequestError: Error: getaddrinfo ENOTFOUND blockchain.info
    at new RequestError (C:\Users\Mary Ofori\AppData\Roaming\npm\node_modules\blockchain-wallet-service\node_modules\request-promise\lib\errors.js:11:15)
    at Request.RP$callback [as _callback] (C:\Users\Mary Ofori\AppData\Roaming\npm\node_modules\blockchain-wallet-service\node_modules\request-promise\lib\rp.js:60:32)
    at self.callback (C:\Users\Mary Ofori\AppData\Roaming\npm\node_modules\blockchain-wallet-service\node_modules\request\request.js:185:22)
    at Request.emit (events.js:376:20)
    at Request.onRequestError (C:\Users\Mary Ofori\AppData\Roaming\npm\node_modules\blockchain-wallet-service\node_modules\request\request.js:877:8)
    at ClientRequest.emit (events.js:376:20)
    at TLSSocket.socketErrorListener (_http_client.js:475:9)
    at TLSSocket.emit (events.js:376:20)
    at emitErrorNT (internal/streams/destroy.js:106:8)
    at emitErrorCloseNT (internal/streams/destroy.js:74:3)
    at processTicksAndRejections (internal/process/task_queues.js:82:21)
Unhandled rejection RequestError: Error: getaddrinfo ENOTFOUND blockchain.info
    at new RequestError (C:\Users\Mary Ofori\AppData\Roaming\npm\node_modules\blockchain-wallet-service\node_modules\request-promise\lib\errors.js:11:15)
    at Request.RP$callback [as _callback] (C:\Users\Mary Ofori\AppData\Roaming\npm\node_modules\blockchain-wallet-service\node_modules\request-promise\lib\rp.js:60:32)
    at self.callback (C:\Users\Mary Ofori\AppData\Roaming\npm\node_modules\blockchain-wallet-service\node_modules\request\request.js:185:22)
    at Request.emit (events.js:376:20)
    at Request.onRequestError (C:\Users\Mary Ofori\AppData\Roaming\npm\node_modules\blockchain-wallet-service\node_modules\request\request.js:877:8)
    at ClientRequest.emit (events.js:376:20)
    at TLSSocket.socketErrorListener (_http_client.js:475:9)
    at TLSSocket.emit (events.js:376:20)
    at emitErrorNT (internal/streams/destroy.js:106:8)
    at emitErrorCloseNT (internal/streams/destroy.js:74:3)
    at processTicksAndRejections (internal/process/task_queues.js:82:21)
Unhandled rejection RequestError: Error: getaddrinfo ENOTFOUND blockchain.info
    at new RequestError (C:\Users\Mary Ofori\AppData\Roaming\npm\node_modules\blockchain-wallet-service\node_modules\request-promise\lib\errors.js:11:15)
    at Request.RP$callback [as _callback] (C:\Users\Mary Ofori\AppData\Roaming\npm\node_modules\blockchain-wallet-service\node_modules\request-promise\lib\rp.js:60:32)
    at self.callback (C:\Users\Mary Ofori\AppData\Roaming\npm\node_modules\blockchain-wallet-service\node_modules\request\request.js:185:22)
    at Request.emit (events.js:376:20)
    at Request.onRequestError (C:\Users\Mary Ofori\AppData\Roaming\npm\node_modules\blockchain-wallet-service\node_modules\request\request.js:877:8)
    at ClientRequest.emit (events.js:376:20)
    at TLSSocket.socketErrorListener (_http_client.js:475:9)
    at TLSSocket.emit (events.js:376:20)
    at emitErrorNT (internal/streams/destroy.js:106:8)
    at emitErrorCloseNT (internal/streams/destroy.js:74:3)
    at processTicksAndRejections (internal/process/task_queues.js:82:21)
Unhandled rejection RequestError: Error: getaddrinfo ENOTFOUND blockchain.info
    at new RequestError (C:\Users\Mary Ofori\AppData\Roaming\npm\node_modules\blockchain-wallet-service\node_modules\request-promise\lib\errors.js:11:15)
    at Request.RP$callback [as _callback] (C:\Users\Mary Ofori\AppData\Roaming\npm\node_modules\blockchain-wallet-service\node_modules\request-promise\lib\rp.js:60:32)
    at self.callback (C:\Users\Mary Ofori\AppData\Roaming\npm\node_modules\blockchain-wallet-service\node_modules\request\request.js:185:22)
    at Request.emit (events.js:376:20)
    at Request.onRequestError (C:\Users\Mary Ofori\AppData\Roaming\npm\node_modules\blockchain-wallet-service\node_modules\request\request.js:877:8)
    at ClientRequest.emit (events.js:376:20)
    at TLSSocket.socketErrorListener (_http_client.js:475:9)
    at TLSSocket.emit (events.js:376:20)
    at emitErrorNT (internal/streams/destroy.js:106:8)
    at emitErrorCloseNT (internal/streams/destroy.js:74:3)
    at processTicksAndRejections (internal/process/task_queues.js:82:21)
Unhandled rejection RequestError: Error: getaddrinfo ENOTFOUND blockchain.info
    at new RequestError (C:\Users\Mary Ofori\AppData\Roaming\npm\node_modules\blockchain-wallet-service\node_modules\request-promise\lib\errors.js:11:15)
    at Request.RP$callback [as _callback] (C:\Users\Mary Ofori\AppData\Roaming\npm\node_modules\blockchain-wallet-service\node_modules\request-promise\lib\rp.js:60:32)
    at self.callback (C:\Users\Mary Ofori\AppData\Roaming\npm\node_modules\blockchain-wallet-service\node_modules\request\request.js:185:22)
    at Request.emit (events.js:376:20)
    at Request.onRequestError (C:\Users\Mary Ofori\AppData\Roaming\npm\node_modules\blockchain-wallet-service\node_modules\request\request.js:877:8)
    at ClientRequest.emit (events.js:376:20)
    at TLSSocket.socketErrorListener (_http_client.js:475:9)
    at TLSSocket.emit (events.js:376:20)
    at emitErrorNT (internal/streams/destroy.js:106:8)
    at emitErrorCloseNT (internal/streams/destroy.js:74:3)
    at processTicksAndRejections (internal/process/task_queues.js:82:21)
Unhandled rejection RequestError: Error: getaddrinfo ENOTFOUND blockchain.info
    at new RequestError (C:\Users\Mary Ofori\AppData\Roaming\npm\node_modules\blockchain-wallet-service\node_modules\request-promise\lib\errors.js:11:15)
    at Request.RP$callback [as _callback] (C:\Users\Mary Ofori\AppData\Roaming\npm\node_modules\blockchain-wallet-service\node_modules\request-promise\lib\rp.js:60:32)
    at self.callback (C:\Users\Mary Ofori\AppData\Roaming\npm\node_modules\blockchain-wallet-service\node_modules\request\request.js:185:22)
    at Request.emit (events.js:376:20)
    at Request.onRequestError (C:\Users\Mary Ofori\AppData\Roaming\npm\node_modules\blockchain-wallet-service\node_modules\request\request.js:877:8)
    at ClientRequest.emit (events.js:376:20)
    at TLSSocket.socketErrorListener (_http_client.js:475:9)
    at TLSSocket.emit (events.js:376:20)
    at emitErrorNT (internal/streams/destroy.js:106:8)
    at emitErrorCloseNT (internal/streams/destroy.js:74:3)
    at processTicksAndRejections (internal/process/task_queues.js:82:21)
Unhandled rejection RequestError: Error: getaddrinfo ENOTFOUND blockchain.info
    at new RequestError (C:\Users\Mary Ofori\AppData\Roaming\npm\node_modules\blockchain-wallet-service\node_modules\request-promise\lib\errors.js:11:15)
    at Request.RP$callback [as _callback] (C:\Users\Mary Ofori\AppData\Roaming\npm\node_modules\blockchain-wallet-service\node_modules\request-promise\lib\rp.js:60:32)
    at self.callback (C:\Users\Mary Ofori\AppData\Roaming\npm\node_modules\blockchain-wallet-service\node_modules\request\request.js:185:22)
    at Request.emit (events.js:376:20)
    at Request.onRequestError (C:\Users\Mary Ofori\AppData\Roaming\npm\node_modules\blockchain-wallet-service\node_modules\request\request.js:877:8)
    at ClientRequest.emit (events.js:376:20)
    at TLSSocket.socketErrorListener (_http_client.js:475:9)
    at TLSSocket.emit (events.js:376:20)
    at emitErrorNT (internal/streams/destroy.js:106:8)
    at emitErrorCloseNT (internal/streams/destroy.js:74:3)
    at processTicksAndRejections (internal/process/task_queues.js:82:21)
Unhandled rejection RequestError: Error: getaddrinfo ENOTFOUND blockchain.info
    at new RequestError (C:\Users\Mary Ofori\AppData\Roaming\npm\node_modules\blockchain-wallet-service\node_modules\request-promise\lib\errors.js:11:15)
    at Request.RP$callback [as _callback] (C:\Users\Mary Ofori\AppData\Roaming\npm\node_modules\blockchain-wallet-service\node_modules\request-promise\lib\rp.js:60:32)
    at self.callback (C:\Users\Mary Ofori\AppData\Roaming\npm\node_modules\blockchain-wallet-service\node_modules\request\request.js:185:22)
    at Request.emit (events.js:376:20)
    at Request.onRequestError (C:\Users\Mary Ofori\AppData\Roaming\npm\node_modules\blockchain-wallet-service\node_modules\request\request.js:877:8)
    at ClientRequest.emit (events.js:376:20)
    at TLSSocket.socketErrorListener (_http_client.js:475:9)
    at TLSSocket.emit (events.js:376:20)
    at emitErrorNT (internal/streams/destroy.js:106:8)
    at emitErrorCloseNT (internal/streams/destroy.js:74:3)
    at processTicksAndRejections (internal/process/task_queues.js:82:21)
Unhandled rejection RequestError: Error: getaddrinfo ENOTFOUND blockchain.info
    at new RequestError (C:\Users\Mary Ofori\AppData\Roaming\npm\node_modules\blockchain-wallet-service\node_modules\request-promise\lib\errors.js:11:15)
    at Request.RP$callback [as _callback] (C:\Users\Mary Ofori\AppData\Roaming\npm\node_modules\blockchain-wallet-service\node_modules\request-promise\lib\rp.js:60:32)
    at self.callback (C:\Users\Mary Ofori\AppData\Roaming\npm\node_modules\blockchain-wallet-service\node_modules\request\request.js:185:22)
    at Request.emit (events.js:376:20)
    at Request.onRequestError (C:\Users\Mary Ofori\AppData\Roaming\npm\node_modules\blockchain-wallet-service\node_modules\request\request.js:877:8)
    at ClientRequest.emit (events.js:376:20)
    at TLSSocket.socketErrorListener (_http_client.js:475:9)
    at TLSSocket.emit (events.js:376:20)
    at emitErrorNT (internal/streams/destroy.js:106:8)
    at emitErrorCloseNT (internal/streams/destroy.js:74:3)
    at processTicksAndRejections (internal/process/task_queues.js:82:21)
Unhandled rejection RequestError: Error: getaddrinfo ENOTFOUND blockchain.info
    at new RequestError (C:\Users\Mary Ofori\AppData\Roaming\npm\node_modules\blockchain-wallet-service\node_modules\request-promise\lib\errors.js:11:15)
    at Request.RP$callback [as _callback] (C:\Users\Mary Ofori\AppData\Roaming\npm\node_modules\blockchain-wallet-service\node_modules\request-promise\lib\rp.js:60:32)
    at self.callback (C:\Users\Mary Ofori\AppData\Roaming\npm\node_modules\blockchain-wallet-service\node_modules\request\request.js:185:22)
    at Request.emit (events.js:376:20)
    at Request.onRequestError (C:\Users\Mary Ofori\AppData\Roaming\npm\node_modules\blockchain-wallet-service\node_modules\request\request.js:877:8)
    at ClientRequest.emit (events.js:376:20)
    at TLSSocket.socketErrorListener (_http_client.js:475:9)
    at TLSSocket.emit (events.js:376:20)
    at emitErrorNT (internal/streams/destroy.js:106:8)
    at emitErrorCloseNT (internal/streams/destroy.js:74:3)
    at processTicksAndRejections (internal/process/task_queues.js:82:21)
Unhandled rejection RequestError: Error: getaddrinfo ENOTFOUND blockchain.info
    at new RequestError (C:\Users\Mary Ofori\AppData\Roaming\npm\node_modules\blockchain-wallet-service\node_modules\request-promise\lib\errors.js:11:15)
    at Request.RP$callback [as _callback] (C:\Users\Mary Ofori\AppData\Roaming\npm\node_modules\blockchain-wallet-service\node_modules\request-promise\lib\rp.js:60:32)
    at self.callback (C:\Users\Mary Ofori\AppData\Roaming\npm\node_modules\blockchain-wallet-service\node_modules\request\request.js:185:22)
    at Request.emit (events.js:376:20)
    at Request.onRequestError (C:\Users\Mary Ofori\AppData\Roaming\npm\node_modules\blockchain-wallet-service\node_modules\request\request.js:877:8)
    at ClientRequest.emit (events.js:376:20)
    at TLSSocket.socketErrorListener (_http_client.js:475:9)
    at TLSSocket.emit (events.js:376:20)
    at emitErrorNT (internal/streams/destroy.js:106:8)
    at emitErrorCloseNT (internal/streams/destroy.js:74:3)
    at processTicksAndRejections (internal/process/task_queues.js:82:21)
Unhandled rejection RequestError: Error: getaddrinfo ENOTFOUND blockchain.info
    at new RequestError (C:\Users\Mary Ofori\AppData\Roaming\npm\node_modules\blockchain-wallet-service\node_modules\request-promise\lib\errors.js:11:15)
    at Request.RP$callback [as _callback] (C:\Users\Mary Ofori\AppData\Roaming\npm\node_modules\blockchain-wallet-service\node_modules\request-promise\lib\rp.js:60:32)
    at self.callback (C:\Users\Mary Ofori\AppData\Roaming\npm\node_modules\blockchain-wallet-service\node_modules\request\request.js:185:22)
    at Request.emit (events.js:376:20)
    at Request.onRequestError (C:\Users\Mary Ofori\AppData\Roaming\npm\node_modules\blockchain-wallet-service\node_modules\request\request.js:877:8)
    at ClientRequest.emit (events.js:376:20)
    at TLSSocket.socketErrorListener (_http_client.js:475:9)
    at TLSSocket.emit (events.js:376:20)
    at emitErrorNT (internal/streams/destroy.js:106:8)
    at emitErrorCloseNT (internal/streams/destroy.js:74:3)
    at processTicksAndRejections (internal/process/task_queues.js:82:21)
Unhandled rejection RequestError: Error: getaddrinfo ENOTFOUND blockchain.info
    at new RequestError (C:\Users\Mary Ofori\AppData\Roaming\npm\node_modules\blockchain-wallet-service\node_modules\request-promise\lib\errors.js:11:15)
    at Request.RP$callback [as _callback] (C:\Users\Mary Ofori\AppData\Roaming\npm\node_modules\blockchain-wallet-service\node_modules\request-promise\lib\rp.js:60:32)
    at self.callback (C:\Users\Mary Ofori\AppData\Roaming\npm\node_modules\blockchain-wallet-service\node_modules\request\request.js:185:22)
    at Request.emit (events.js:376:20)
    at Request.onRequestError (C:\Users\Mary Ofori\AppData\Roaming\npm\node_modules\blockchain-wallet-service\node_modules\request\request.js:877:8)
    at ClientRequest.emit (events.js:376:20)
    at TLSSocket.socketErrorListener (_http_client.js:475:9)
    at TLSSocket.emit (events.js:376:20)
    at emitErrorNT (internal/streams/destroy.js:106:8)
    at emitErrorCloseNT (internal/streams/destroy.js:74:3)
    at processTicksAndRejections (internal/process/task_queues.js:82:21)
Unhandled rejection RequestError: Error: getaddrinfo ENOTFOUND blockchain.info
    at new RequestError (C:\Users\Mary Ofori\AppData\Roaming\npm\node_modules\blockchain-wallet-service\node_modules\request-promise\lib\errors.js:11:15)
    at Request.RP$callback [as _callback] (C:\Users\Mary Ofori\AppData\Roaming\npm\node_modules\blockchain-wallet-service\node_modules\request-promise\lib\rp.js:60:32)
    at self.callback (C:\Users\Mary Ofori\AppData\Roaming\npm\node_modules\blockchain-wallet-service\node_modules\request\request.js:185:22)
    at Request.emit (events.js:376:20)
    at Request.onRequestError (C:\Users\Mary Ofori\AppData\Roaming\npm\node_modules\blockchain-wallet-service\node_modules\request\request.js:877:8)
    at ClientRequest.emit (events.js:376:20)
    at TLSSocket.socketErrorListener (_http_client.js:475:9)
    at TLSSocket.emit (events.js:376:20)
    at emitErrorNT (internal/streams/destroy.js:106:8)
    at emitErrorCloseNT (internal/streams/destroy.js:74:3)
    at processTicksAndRejections (internal/process/task_queues.js:82:21)
Unhandled rejection RequestError: Error: getaddrinfo ENOTFOUND blockchain.info
    at new RequestError (C:\Users\Mary Ofori\AppData\Roaming\npm\node_modules\blockchain-wallet-service\node_modules\request-promise\lib\errors.js:11:15)
    at Request.RP$callback [as _callback] (C:\Users\Mary Ofori\AppData\Roaming\npm\node_modules\blockchain-wallet-service\node_modules\request-promise\lib\rp.js:60:32)
    at self.callback (C:\Users\Mary Ofori\AppData\Roaming\npm\node_modules\blockchain-wallet-service\node_modules\request\request.js:185:22)
    at Request.emit (events.js:376:20)
    at Request.onRequestError (C:\Users\Mary Ofori\AppData\Roaming\npm\node_modules\blockchain-wallet-service\node_modules\request\request.js:877:8)
    at ClientRequest.emit (events.js:376:20)
    at TLSSocket.socketErrorListener (_http_client.js:475:9)
    at TLSSocket.emit (events.js:376:20)
    at emitErrorNT (internal/streams/destroy.js:106:8)
    at emitErrorCloseNT (internal/streams/destroy.js:74:3)
    at processTicksAndRejections (internal/process/task_queues.js:82:21)
